<?xml version="1.0" encoding="UTF-8"?>
<testng-results skipped="0" failed="0" ignored="0" total="1" passed="1">
  <reporter-output>
  </reporter-output>
  <suite name="Suite" duration-ms="12203" started-at="2019-06-01T19:49:39Z" finished-at="2019-06-01T19:49:51Z">
    <groups>
    </groups>
    <test name="Test" duration-ms="12203" started-at="2019-06-01T19:49:39Z" finished-at="2019-06-01T19:49:51Z">
      <class name="edu.org.Selenium_Jenkins">
        <test-method status="PASS" signature="beforeClass()[pri:0, instance:edu.org.Selenium_Jenkins@4c70fda8]" name="beforeClass" is-config="true" duration-ms="5638" started-at="2019-06-01T19:49:39Z" finished-at="2019-06-01T19:49:44Z">
          <reporter-output>
          </reporter-output>
        </test-method> <!-- beforeClass -->
        <test-method status="PASS" signature="verifySearchButton()[pri:0, instance:edu.org.Selenium_Jenkins@4c70fda8]" name="verifySearchButton" duration-ms="5812" started-at="2019-06-01T19:49:44Z" finished-at="2019-06-01T19:49:50Z">
          <reporter-output>
          </reporter-output>
        </test-method> <!-- verifySearchButton -->
        <test-method status="PASS" signature="afterClass()[pri:0, instance:edu.org.Selenium_Jenkins@4c70fda8]" name="afterClass" is-config="true" duration-ms="721" started-at="2019-06-01T19:49:50Z" finished-at="2019-06-01T19:49:51Z">
          <reporter-output>
          </reporter-output>
        </test-method> <!-- afterClass -->
      </class> <!-- edu.org.Selenium_Jenkins -->
    </test> <!-- Test -->
  </suite> <!-- Suite -->
</testng-results>
